<?xml version="1.0" encoding="UTF-8"?>
<!-- Generated by org.testng.reporters.JUnitXMLReporter -->
<testsuite hostname="DESKTOP-VE578IL" ignored="0" name="Default test" tests="12" failures="0" timestamp="01 jul 2018 20:22:26 GMT" time="46.825" errors="0">
  <testcase name="acessarMenuUnidadeTest" time="0.344" classname="com.wyden.test.AutomatedWeb.UnidadeTest"/>
  <testcase name="cadastrarEValidarUnidadeInativaTest" time="0.937" classname="com.wyden.test.AutomatedWeb.UnidadeTest"/>
  <testcase name="editarEValidarUnidadeTest" time="1.024" classname="com.wyden.test.AutomatedWeb.UnidadeTest"/>
  <testcase name="acessarMenuPerfilTest" time="0.403" classname="com.wyden.test.AutomatedWeb.PerfilTest"/>
  <testcase name="cadastrarEValidarPerfilInativoTest" time="1.403" classname="com.wyden.test.AutomatedWeb.PerfilTest"/>
  <testcase name="editarEValidarPerfilTest" time="1.057" classname="com.wyden.test.AutomatedWeb.PerfilTest"/>
  <testcase name="acessarMenuUsuarioTest" time="0.529" classname="com.wyden.test.AutomatedWeb.UsuarioTest"/>
  <testcase name="cadastrarEValidarUsuarioInativoTest" time="5.356" classname="com.wyden.test.AutomatedWeb.UsuarioTest"/>
  <testcase name="editarEValidarUsuarioTest" time="1.075" classname="com.wyden.test.AutomatedWeb.UsuarioTest"/>
  <testcase name="removerEValidarPerfilTest" time="0.203" classname="com.wyden.test.AutomatedWeb.PerfilTest"/>
  <testcase name="removerEValidarUsuarioTest" time="0.192" classname="com.wyden.test.AutomatedWeb.UsuarioTest"/>
  <testcase name="removerEValidarUnidadeTest" time="0.187" classname="com.wyden.test.AutomatedWeb.UnidadeTest"/>
</testsuite> <!-- Default test -->
