<?xml version="1.0" encoding="UTF-8"?>
<!-- Generated by org.testng.reporters.JUnitXMLReporter -->
<testsuite hostname="DESKTOP-VE578IL" ignored="0" name="Surefire test" tests="12" failures="0" timestamp="01 jul 2018 22:48:41 GMT" time="78.541" errors="0">
  <testcase name="acessarMenuUnidadeTest" time="0.537" classname="com.wyden.autoweb.test.UnidadeTest"/>
  <testcase name="cadastrarEValidarUnidadeInativaTest" time="1.207" classname="com.wyden.autoweb.test.UnidadeTest"/>
  <testcase name="editarEValidarUnidadeTest" time="1.082" classname="com.wyden.autoweb.test.UnidadeTest"/>
  <testcase name="acessarMenuPerfilTest" time="0.719" classname="com.wyden.autoweb.test.PerfilTest"/>
  <testcase name="cadastrarEValidarPerfilInativoTest" time="1.787" classname="com.wyden.autoweb.test.PerfilTest"/>
  <testcase name="editarEValidarPerfilTest" time="1.56" classname="com.wyden.autoweb.test.PerfilTest"/>
  <testcase name="acessarMenuUsuarioTest" time="5.857" classname="com.wyden.autoweb.test.UsuarioTest"/>
  <testcase name="cadastrarEValidarUsuarioInativoTest" time="14.289" classname="com.wyden.autoweb.test.UsuarioTest"/>
  <testcase name="editarEValidarUsuarioTest" time="11.34" classname="com.wyden.autoweb.test.UsuarioTest"/>
  <testcase name="removerEValidarPerfilTest" time="1.596" classname="com.wyden.autoweb.test.PerfilTest"/>
  <testcase name="removerEValidarUsuarioTest" time="6.693" classname="com.wyden.autoweb.test.UsuarioTest"/>
  <testcase name="removerEValidarUnidadeTest" time="1.705" classname="com.wyden.autoweb.test.UnidadeTest"/>
</testsuite> <!-- Surefire test -->
