<?xml version="1.0" encoding="UTF-8"?>
<!-- Generated by org.testng.reporters.JUnitXMLReporter -->
<testsuite hostname="Meow" ignored="0" name="Surefire test" tests="12" failures="0" timestamp="02 set 2018 02:30:18 GMT" time="46.305" errors="0">
  <testcase name="acessarMenuUnidadeTest" time="1.552" classname="com.wyden.autoweb.test.UnidadeTest"/>
  <testcase name="cadastrarEValidarUnidadeInativaTest" time="2.316" classname="com.wyden.autoweb.test.UnidadeTest"/>
  <testcase name="editarEValidarUnidadeTest" time="2.31" classname="com.wyden.autoweb.test.UnidadeTest"/>
  <testcase name="acessarMenuPerfilTest" time="0.974" classname="com.wyden.autoweb.test.PerfilTest"/>
  <testcase name="cadastrarEValidarPerfilInativoTest" time="2.709" classname="com.wyden.autoweb.test.PerfilTest"/>
  <testcase name="editarEValidarPerfilTest" time="3.478" classname="com.wyden.autoweb.test.PerfilTest"/>
  <testcase name="acessarMenuUsuarioTest" time="1.665" classname="com.wyden.autoweb.test.UsuarioTest"/>
  <testcase name="cadastrarEValidarUsuarioInativoTest" time="3.895" classname="com.wyden.autoweb.test.UsuarioTest"/>
  <testcase name="editarEValidarUsuarioTest" time="2.753" classname="com.wyden.autoweb.test.UsuarioTest"/>
  <testcase name="removerEValidarPerfilTest" time="2.052" classname="com.wyden.autoweb.test.PerfilTest"/>
  <testcase name="removerEValidarUsuarioTest" time="2.017" classname="com.wyden.autoweb.test.UsuarioTest"/>
  <testcase name="removerEValidarUnidadeTest" time="2.18" classname="com.wyden.autoweb.test.UnidadeTest"/>
</testsuite> <!-- Surefire test -->
